2015-05-08 19:53:00,673 Builder2Daemon INFO  - Using instance temporary directory /home/builder/builder/instance-8176
2015-05-08 19:53:00,761 WebappSocketFactory INFO  - Builder: using keystore keystore.jks
2015-05-08 19:53:00,764 ThreadGroupSecurityManager INFO  - ThreadGroupSecurityManager created
2015-05-08 19:53:00,802 Builder2Daemon INFO  - Builder starting
2015-05-08 19:53:00,802 Builder2Daemon INFO  - appHost=ec2-52-24-221-135.us-west-2.compute.amazonaws.com
2015-05-08 19:53:00,811 Builder2Daemon INFO  - appPort=47374
2015-05-08 19:53:00,812 Builder2Daemon INFO  - numThreads=2
2015-05-08 19:53:01,175 NoConnectTimer ERROR - Cannot connect to CloudCoder server
java.net.ConnectException: Connection refused
	at java.net.PlainSocketImpl.socketConnect(Native Method)
	at java.net.AbstractPlainSocketImpl.doConnect(AbstractPlainSocketImpl.java:327)
	at java.net.AbstractPlainSocketImpl.connectToAddress(AbstractPlainSocketImpl.java:193)
	at java.net.AbstractPlainSocketImpl.connect(AbstractPlainSocketImpl.java:180)
	at java.net.SocksSocketImpl.connect(SocksSocketImpl.java:385)
	at java.net.Socket.connect(Socket.java:546)
	at sun.security.ssl.SSLSocketImpl.connect(SSLSocketImpl.java:602)
	at sun.security.ssl.SSLSocketImpl.<init>(SSLSocketImpl.java:399)
	at sun.security.ssl.SSLSocketFactoryImpl.createSocket(SSLSocketFactoryImpl.java:88)
	at org.cloudcoder.builder2.server.WebappSocketFactory.connectToWebapp(WebappSocketFactory.java:147)
	at org.cloudcoder.builder2.server.Builder2Server.createSecureSocket(Builder2Server.java:141)
	at org.cloudcoder.builder2.server.Builder2Server.attemptToConnectToServer(Builder2Server.java:147)
	at org.cloudcoder.builder2.server.Builder2Server.runOnce(Builder2Server.java:88)
	at org.cloudcoder.builder2.server.Builder2Server.run(Builder2Server.java:77)
	at java.lang.Thread.run(Thread.java:701)
2015-05-08 19:53:01,177 NoConnectTimer ERROR - Cannot connect to CloudCoder server
java.net.ConnectException: Connection refused
	at java.net.PlainSocketImpl.socketConnect(Native Method)
	at java.net.AbstractPlainSocketImpl.doConnect(AbstractPlainSocketImpl.java:327)
	at java.net.AbstractPlainSocketImpl.connectToAddress(AbstractPlainSocketImpl.java:193)
	at java.net.AbstractPlainSocketImpl.connect(AbstractPlainSocketImpl.java:180)
	at java.net.SocksSocketImpl.connect(SocksSocketImpl.java:385)
	at java.net.Socket.connect(Socket.java:546)
	at sun.security.ssl.SSLSocketImpl.connect(SSLSocketImpl.java:602)
	at sun.security.ssl.SSLSocketImpl.<init>(SSLSocketImpl.java:399)
	at sun.security.ssl.SSLSocketFactoryImpl.createSocket(SSLSocketFactoryImpl.java:88)
	at org.cloudcoder.builder2.server.WebappSocketFactory.connectToWebapp(WebappSocketFactory.java:147)
	at org.cloudcoder.builder2.server.Builder2Server.createSecureSocket(Builder2Server.java:141)
	at org.cloudcoder.builder2.server.Builder2Server.attemptToConnectToServer(Builder2Server.java:147)
	at org.cloudcoder.builder2.server.Builder2Server.runOnce(Builder2Server.java:88)
	at org.cloudcoder.builder2.server.Builder2Server.run(Builder2Server.java:77)
	at java.lang.Thread.run(Thread.java:701)
2015-05-08 19:53:06,215 NoConnectTimer ERROR - Cannot connect to CloudCoder server (last connection about 5 seconds ago)
java.net.ConnectException: Connection refused
	at java.net.PlainSocketImpl.socketConnect(Native Method)
	at java.net.AbstractPlainSocketImpl.doConnect(AbstractPlainSocketImpl.java:327)
	at java.net.AbstractPlainSocketImpl.connectToAddress(AbstractPlainSocketImpl.java:193)
	at java.net.AbstractPlainSocketImpl.connect(AbstractPlainSocketImpl.java:180)
	at java.net.SocksSocketImpl.connect(SocksSocketImpl.java:385)
	at java.net.Socket.connect(Socket.java:546)
	at sun.security.ssl.SSLSocketImpl.connect(SSLSocketImpl.java:602)
	at sun.security.ssl.SSLSocketImpl.<init>(SSLSocketImpl.java:399)
	at sun.security.ssl.SSLSocketFactoryImpl.createSocket(SSLSocketFactoryImpl.java:88)
	at org.cloudcoder.builder2.server.WebappSocketFactory.connectToWebapp(WebappSocketFactory.java:147)
	at org.cloudcoder.builder2.server.Builder2Server.createSecureSocket(Builder2Server.java:141)
	at org.cloudcoder.builder2.server.Builder2Server.attemptToConnectToServer(Builder2Server.java:147)
	at org.cloudcoder.builder2.server.Builder2Server.runOnce(Builder2Server.java:88)
	at org.cloudcoder.builder2.server.Builder2Server.run(Builder2Server.java:77)
	at java.lang.Thread.run(Thread.java:701)
2015-05-08 19:53:06,226 NoConnectTimer ERROR - Cannot connect to CloudCoder server (last connection about 5 seconds ago)
java.net.ConnectException: Connection refused
	at java.net.PlainSocketImpl.socketConnect(Native Method)
	at java.net.AbstractPlainSocketImpl.doConnect(AbstractPlainSocketImpl.java:327)
	at java.net.AbstractPlainSocketImpl.connectToAddress(AbstractPlainSocketImpl.java:193)
	at java.net.AbstractPlainSocketImpl.connect(AbstractPlainSocketImpl.java:180)
	at java.net.SocksSocketImpl.connect(SocksSocketImpl.java:385)
	at java.net.Socket.connect(Socket.java:546)
	at sun.security.ssl.SSLSocketImpl.connect(SSLSocketImpl.java:602)
	at sun.security.ssl.SSLSocketImpl.<init>(SSLSocketImpl.java:399)
	at sun.security.ssl.SSLSocketFactoryImpl.createSocket(SSLSocketFactoryImpl.java:88)
	at org.cloudcoder.builder2.server.WebappSocketFactory.connectToWebapp(WebappSocketFactory.java:147)
	at org.cloudcoder.builder2.server.Builder2Server.createSecureSocket(Builder2Server.java:141)
	at org.cloudcoder.builder2.server.Builder2Server.attemptToConnectToServer(Builder2Server.java:147)
	at org.cloudcoder.builder2.server.Builder2Server.runOnce(Builder2Server.java:88)
	at org.cloudcoder.builder2.server.Builder2Server.run(Builder2Server.java:77)
	at java.lang.Thread.run(Thread.java:701)
2015-05-08 19:53:16,261 NoConnectTimer ERROR - Cannot connect to CloudCoder server (last connection about 15 seconds ago)
java.net.ConnectException: Connection refused
	at java.net.PlainSocketImpl.socketConnect(Native Method)
	at java.net.AbstractPlainSocketImpl.doConnect(AbstractPlainSocketImpl.java:327)
	at java.net.AbstractPlainSocketImpl.connectToAddress(AbstractPlainSocketImpl.java:193)
	at java.net.AbstractPlainSocketImpl.connect(AbstractPlainSocketImpl.java:180)
	at java.net.SocksSocketImpl.connect(SocksSocketImpl.java:385)
	at java.net.Socket.connect(Socket.java:546)
	at sun.security.ssl.SSLSocketImpl.connect(SSLSocketImpl.java:602)
	at sun.security.ssl.SSLSocketImpl.<init>(SSLSocketImpl.java:399)
	at sun.security.ssl.SSLSocketFactoryImpl.createSocket(SSLSocketFactoryImpl.java:88)
	at org.cloudcoder.builder2.server.WebappSocketFactory.connectToWebapp(WebappSocketFactory.java:147)
	at org.cloudcoder.builder2.server.Builder2Server.createSecureSocket(Builder2Server.java:141)
	at org.cloudcoder.builder2.server.Builder2Server.attemptToConnectToServer(Builder2Server.java:147)
	at org.cloudcoder.builder2.server.Builder2Server.runOnce(Builder2Server.java:88)
	at org.cloudcoder.builder2.server.Builder2Server.run(Builder2Server.java:77)
	at java.lang.Thread.run(Thread.java:701)
2015-05-08 19:53:16,266 NoConnectTimer ERROR - Cannot connect to CloudCoder server (last connection about 15 seconds ago)
java.net.ConnectException: Connection refused
	at java.net.PlainSocketImpl.socketConnect(Native Method)
	at java.net.AbstractPlainSocketImpl.doConnect(AbstractPlainSocketImpl.java:327)
	at java.net.AbstractPlainSocketImpl.connectToAddress(AbstractPlainSocketImpl.java:193)
	at java.net.AbstractPlainSocketImpl.connect(AbstractPlainSocketImpl.java:180)
	at java.net.SocksSocketImpl.connect(SocksSocketImpl.java:385)
	at java.net.Socket.connect(Socket.java:546)
	at sun.security.ssl.SSLSocketImpl.connect(SSLSocketImpl.java:602)
	at sun.security.ssl.SSLSocketImpl.<init>(SSLSocketImpl.java:399)
	at sun.security.ssl.SSLSocketFactoryImpl.createSocket(SSLSocketFactoryImpl.java:88)
	at org.cloudcoder.builder2.server.WebappSocketFactory.connectToWebapp(WebappSocketFactory.java:147)
	at org.cloudcoder.builder2.server.Builder2Server.createSecureSocket(Builder2Server.java:141)
	at org.cloudcoder.builder2.server.Builder2Server.attemptToConnectToServer(Builder2Server.java:147)
	at org.cloudcoder.builder2.server.Builder2Server.runOnce(Builder2Server.java:88)
	at org.cloudcoder.builder2.server.Builder2Server.run(Builder2Server.java:77)
	at java.lang.Thread.run(Thread.java:701)
2015-05-08 19:54:16,449 NoConnectTimer ERROR - Cannot connect to CloudCoder server (last connection about 75 seconds ago)
java.net.ConnectException: Connection refused
	at java.net.PlainSocketImpl.socketConnect(Native Method)
	at java.net.AbstractPlainSocketImpl.doConnect(AbstractPlainSocketImpl.java:327)
	at java.net.AbstractPlainSocketImpl.connectToAddress(AbstractPlainSocketImpl.java:193)
	at java.net.AbstractPlainSocketImpl.connect(AbstractPlainSocketImpl.java:180)
	at java.net.SocksSocketImpl.connect(SocksSocketImpl.java:385)
	at java.net.Socket.connect(Socket.java:546)
	at sun.security.ssl.SSLSocketImpl.connect(SSLSocketImpl.java:602)
	at sun.security.ssl.SSLSocketImpl.<init>(SSLSocketImpl.java:399)
	at sun.security.ssl.SSLSocketFactoryImpl.createSocket(SSLSocketFactoryImpl.java:88)
	at org.cloudcoder.builder2.server.WebappSocketFactory.connectToWebapp(WebappSocketFactory.java:147)
	at org.cloudcoder.builder2.server.Builder2Server.createSecureSocket(Builder2Server.java:141)
	at org.cloudcoder.builder2.server.Builder2Server.attemptToConnectToServer(Builder2Server.java:147)
	at org.cloudcoder.builder2.server.Builder2Server.runOnce(Builder2Server.java:88)
	at org.cloudcoder.builder2.server.Builder2Server.run(Builder2Server.java:77)
	at java.lang.Thread.run(Thread.java:701)
2015-05-08 19:54:16,450 NoConnectTimer ERROR - Cannot connect to CloudCoder server (last connection about 75 seconds ago)
java.net.ConnectException: Connection refused
	at java.net.PlainSocketImpl.socketConnect(Native Method)
	at java.net.AbstractPlainSocketImpl.doConnect(AbstractPlainSocketImpl.java:327)
	at java.net.AbstractPlainSocketImpl.connectToAddress(AbstractPlainSocketImpl.java:193)
	at java.net.AbstractPlainSocketImpl.connect(AbstractPlainSocketImpl.java:180)
	at java.net.SocksSocketImpl.connect(SocksSocketImpl.java:385)
	at java.net.Socket.connect(Socket.java:546)
	at sun.security.ssl.SSLSocketImpl.connect(SSLSocketImpl.java:602)
	at sun.security.ssl.SSLSocketImpl.<init>(SSLSocketImpl.java:399)
	at sun.security.ssl.SSLSocketFactoryImpl.createSocket(SSLSocketFactoryImpl.java:88)
	at org.cloudcoder.builder2.server.WebappSocketFactory.connectToWebapp(WebappSocketFactory.java:147)
	at org.cloudcoder.builder2.server.Builder2Server.createSecureSocket(Builder2Server.java:141)
	at org.cloudcoder.builder2.server.Builder2Server.attemptToConnectToServer(Builder2Server.java:147)
	at org.cloudcoder.builder2.server.Builder2Server.runOnce(Builder2Server.java:88)
	at org.cloudcoder.builder2.server.Builder2Server.run(Builder2Server.java:77)
	at java.lang.Thread.run(Thread.java:701)
2015-05-08 19:59:16,817 NoConnectTimer ERROR - Cannot connect to CloudCoder server (last connection about 375 seconds ago)
java.net.ConnectException: Connection refused
	at java.net.PlainSocketImpl.socketConnect(Native Method)
	at java.net.AbstractPlainSocketImpl.doConnect(AbstractPlainSocketImpl.java:327)
	at java.net.AbstractPlainSocketImpl.connectToAddress(AbstractPlainSocketImpl.java:193)
	at java.net.AbstractPlainSocketImpl.connect(AbstractPlainSocketImpl.java:180)
	at java.net.SocksSocketImpl.connect(SocksSocketImpl.java:385)
	at java.net.Socket.connect(Socket.java:546)
	at sun.security.ssl.SSLSocketImpl.connect(SSLSocketImpl.java:602)
	at sun.security.ssl.SSLSocketImpl.<init>(SSLSocketImpl.java:399)
	at sun.security.ssl.SSLSocketFactoryImpl.createSocket(SSLSocketFactoryImpl.java:88)
	at org.cloudcoder.builder2.server.WebappSocketFactory.connectToWebapp(WebappSocketFactory.java:147)
	at org.cloudcoder.builder2.server.Builder2Server.createSecureSocket(Builder2Server.java:141)
	at org.cloudcoder.builder2.server.Builder2Server.attemptToConnectToServer(Builder2Server.java:147)
	at org.cloudcoder.builder2.server.Builder2Server.runOnce(Builder2Server.java:88)
	at org.cloudcoder.builder2.server.Builder2Server.run(Builder2Server.java:77)
	at java.lang.Thread.run(Thread.java:701)
2015-05-08 19:59:16,820 NoConnectTimer ERROR - Cannot connect to CloudCoder server (last connection about 375 seconds ago)
java.net.ConnectException: Connection refused
	at java.net.PlainSocketImpl.socketConnect(Native Method)
	at java.net.AbstractPlainSocketImpl.doConnect(AbstractPlainSocketImpl.java:327)
	at java.net.AbstractPlainSocketImpl.connectToAddress(AbstractPlainSocketImpl.java:193)
	at java.net.AbstractPlainSocketImpl.connect(AbstractPlainSocketImpl.java:180)
	at java.net.SocksSocketImpl.connect(SocksSocketImpl.java:385)
	at java.net.Socket.connect(Socket.java:546)
	at sun.security.ssl.SSLSocketImpl.connect(SSLSocketImpl.java:602)
	at sun.security.ssl.SSLSocketImpl.<init>(SSLSocketImpl.java:399)
	at sun.security.ssl.SSLSocketFactoryImpl.createSocket(SSLSocketFactoryImpl.java:88)
	at org.cloudcoder.builder2.server.WebappSocketFactory.connectToWebapp(WebappSocketFactory.java:147)
	at org.cloudcoder.builder2.server.Builder2Server.createSecureSocket(Builder2Server.java:141)
	at org.cloudcoder.builder2.server.Builder2Server.attemptToConnectToServer(Builder2Server.java:147)
	at org.cloudcoder.builder2.server.Builder2Server.runOnce(Builder2Server.java:88)
	at org.cloudcoder.builder2.server.Builder2Server.run(Builder2Server.java:77)
	at java.lang.Thread.run(Thread.java:701)
2015-05-08 20:14:32,410 Builder2Daemon INFO  - Finished
2015-05-08 20:14:32,410 Builder2Daemon INFO  - Finished
2015-05-08 20:14:32,417 Builder2Daemon INFO  - Deleting instance temporary directory /home/builder/builder/instance-8176
2015-05-08 20:56:14,889 Builder2Daemon INFO  - Using instance temporary directory /home/builder/builder/instance-9152
2015-05-08 20:56:14,981 WebappSocketFactory INFO  - Builder: using keystore keystore.jks
2015-05-08 20:56:14,986 ThreadGroupSecurityManager INFO  - ThreadGroupSecurityManager created
2015-05-08 20:56:15,026 Builder2Daemon INFO  - Builder starting
2015-05-08 20:56:15,026 Builder2Daemon INFO  - appHost=ec2-52-24-221-135.us-west-2.compute.amazonaws.com
2015-05-08 20:56:15,032 Builder2Daemon INFO  - appPort=47374
2015-05-08 20:56:15,032 Builder2Daemon INFO  - numThreads=2
2015-05-08 20:56:15,363 NoConnectTimer ERROR - Cannot connect to CloudCoder server
java.net.ConnectException: Connection refused
	at java.net.PlainSocketImpl.socketConnect(Native Method)
	at java.net.AbstractPlainSocketImpl.doConnect(AbstractPlainSocketImpl.java:327)
	at java.net.AbstractPlainSocketImpl.connectToAddress(AbstractPlainSocketImpl.java:193)
	at java.net.AbstractPlainSocketImpl.connect(AbstractPlainSocketImpl.java:180)
	at java.net.SocksSocketImpl.connect(SocksSocketImpl.java:385)
	at java.net.Socket.connect(Socket.java:546)
	at sun.security.ssl.SSLSocketImpl.connect(SSLSocketImpl.java:602)
	at sun.security.ssl.SSLSocketImpl.<init>(SSLSocketImpl.java:399)
	at sun.security.ssl.SSLSocketFactoryImpl.createSocket(SSLSocketFactoryImpl.java:88)
	at org.cloudcoder.builder2.server.WebappSocketFactory.connectToWebapp(WebappSocketFactory.java:147)
	at org.cloudcoder.builder2.server.Builder2Server.createSecureSocket(Builder2Server.java:141)
	at org.cloudcoder.builder2.server.Builder2Server.attemptToConnectToServer(Builder2Server.java:147)
	at org.cloudcoder.builder2.server.Builder2Server.runOnce(Builder2Server.java:88)
	at org.cloudcoder.builder2.server.Builder2Server.run(Builder2Server.java:77)
	at java.lang.Thread.run(Thread.java:701)
2015-05-08 20:56:15,365 NoConnectTimer ERROR - Cannot connect to CloudCoder server
java.net.ConnectException: Connection refused
	at java.net.PlainSocketImpl.socketConnect(Native Method)
	at java.net.AbstractPlainSocketImpl.doConnect(AbstractPlainSocketImpl.java:327)
	at java.net.AbstractPlainSocketImpl.connectToAddress(AbstractPlainSocketImpl.java:193)
	at java.net.AbstractPlainSocketImpl.connect(AbstractPlainSocketImpl.java:180)
	at java.net.SocksSocketImpl.connect(SocksSocketImpl.java:385)
	at java.net.Socket.connect(Socket.java:546)
	at sun.security.ssl.SSLSocketImpl.connect(SSLSocketImpl.java:602)
	at sun.security.ssl.SSLSocketImpl.<init>(SSLSocketImpl.java:399)
	at sun.security.ssl.SSLSocketFactoryImpl.createSocket(SSLSocketFactoryImpl.java:88)
	at org.cloudcoder.builder2.server.WebappSocketFactory.connectToWebapp(WebappSocketFactory.java:147)
	at org.cloudcoder.builder2.server.Builder2Server.createSecureSocket(Builder2Server.java:141)
	at org.cloudcoder.builder2.server.Builder2Server.attemptToConnectToServer(Builder2Server.java:147)
	at org.cloudcoder.builder2.server.Builder2Server.runOnce(Builder2Server.java:88)
	at org.cloudcoder.builder2.server.Builder2Server.run(Builder2Server.java:77)
	at java.lang.Thread.run(Thread.java:701)
2015-05-08 20:56:20,404 NoConnectTimer ERROR - Cannot connect to CloudCoder server (last connection about 5 seconds ago)
java.net.ConnectException: Connection refused
	at java.net.PlainSocketImpl.socketConnect(Native Method)
	at java.net.AbstractPlainSocketImpl.doConnect(AbstractPlainSocketImpl.java:327)
	at java.net.AbstractPlainSocketImpl.connectToAddress(AbstractPlainSocketImpl.java:193)
	at java.net.AbstractPlainSocketImpl.connect(AbstractPlainSocketImpl.java:180)
	at java.net.SocksSocketImpl.connect(SocksSocketImpl.java:385)
	at java.net.Socket.connect(Socket.java:546)
	at sun.security.ssl.SSLSocketImpl.connect(SSLSocketImpl.java:602)
	at sun.security.ssl.SSLSocketImpl.<init>(SSLSocketImpl.java:399)
	at sun.security.ssl.SSLSocketFactoryImpl.createSocket(SSLSocketFactoryImpl.java:88)
	at org.cloudcoder.builder2.server.WebappSocketFactory.connectToWebapp(WebappSocketFactory.java:147)
	at org.cloudcoder.builder2.server.Builder2Server.createSecureSocket(Builder2Server.java:141)
	at org.cloudcoder.builder2.server.Builder2Server.attemptToConnectToServer(Builder2Server.java:147)
	at org.cloudcoder.builder2.server.Builder2Server.runOnce(Builder2Server.java:88)
	at org.cloudcoder.builder2.server.Builder2Server.run(Builder2Server.java:77)
	at java.lang.Thread.run(Thread.java:701)
2015-05-08 20:56:20,414 NoConnectTimer ERROR - Cannot connect to CloudCoder server (last connection about 5 seconds ago)
java.net.ConnectException: Connection refused
	at java.net.PlainSocketImpl.socketConnect(Native Method)
	at java.net.AbstractPlainSocketImpl.doConnect(AbstractPlainSocketImpl.java:327)
	at java.net.AbstractPlainSocketImpl.connectToAddress(AbstractPlainSocketImpl.java:193)
	at java.net.AbstractPlainSocketImpl.connect(AbstractPlainSocketImpl.java:180)
	at java.net.SocksSocketImpl.connect(SocksSocketImpl.java:385)
	at java.net.Socket.connect(Socket.java:546)
	at sun.security.ssl.SSLSocketImpl.connect(SSLSocketImpl.java:602)
	at sun.security.ssl.SSLSocketImpl.<init>(SSLSocketImpl.java:399)
	at sun.security.ssl.SSLSocketFactoryImpl.createSocket(SSLSocketFactoryImpl.java:88)
	at org.cloudcoder.builder2.server.WebappSocketFactory.connectToWebapp(WebappSocketFactory.java:147)
	at org.cloudcoder.builder2.server.Builder2Server.createSecureSocket(Builder2Server.java:141)
	at org.cloudcoder.builder2.server.Builder2Server.attemptToConnectToServer(Builder2Server.java:147)
	at org.cloudcoder.builder2.server.Builder2Server.runOnce(Builder2Server.java:88)
	at org.cloudcoder.builder2.server.Builder2Server.run(Builder2Server.java:77)
	at java.lang.Thread.run(Thread.java:701)
2015-05-08 20:56:30,449 NoConnectTimer ERROR - Cannot connect to CloudCoder server (last connection about 15 seconds ago)
java.net.ConnectException: Connection refused
	at java.net.PlainSocketImpl.socketConnect(Native Method)
	at java.net.AbstractPlainSocketImpl.doConnect(AbstractPlainSocketImpl.java:327)
	at java.net.AbstractPlainSocketImpl.connectToAddress(AbstractPlainSocketImpl.java:193)
	at java.net.AbstractPlainSocketImpl.connect(AbstractPlainSocketImpl.java:180)
	at java.net.SocksSocketImpl.connect(SocksSocketImpl.java:385)
	at java.net.Socket.connect(Socket.java:546)
	at sun.security.ssl.SSLSocketImpl.connect(SSLSocketImpl.java:602)
	at sun.security.ssl.SSLSocketImpl.<init>(SSLSocketImpl.java:399)
	at sun.security.ssl.SSLSocketFactoryImpl.createSocket(SSLSocketFactoryImpl.java:88)
	at org.cloudcoder.builder2.server.WebappSocketFactory.connectToWebapp(WebappSocketFactory.java:147)
	at org.cloudcoder.builder2.server.Builder2Server.createSecureSocket(Builder2Server.java:141)
	at org.cloudcoder.builder2.server.Builder2Server.attemptToConnectToServer(Builder2Server.java:147)
	at org.cloudcoder.builder2.server.Builder2Server.runOnce(Builder2Server.java:88)
	at org.cloudcoder.builder2.server.Builder2Server.run(Builder2Server.java:77)
	at java.lang.Thread.run(Thread.java:701)
2015-05-08 20:56:30,454 NoConnectTimer ERROR - Cannot connect to CloudCoder server (last connection about 15 seconds ago)
java.net.ConnectException: Connection refused
	at java.net.PlainSocketImpl.socketConnect(Native Method)
	at java.net.AbstractPlainSocketImpl.doConnect(AbstractPlainSocketImpl.java:327)
	at java.net.AbstractPlainSocketImpl.connectToAddress(AbstractPlainSocketImpl.java:193)
	at java.net.AbstractPlainSocketImpl.connect(AbstractPlainSocketImpl.java:180)
	at java.net.SocksSocketImpl.connect(SocksSocketImpl.java:385)
	at java.net.Socket.connect(Socket.java:546)
	at sun.security.ssl.SSLSocketImpl.connect(SSLSocketImpl.java:602)
	at sun.security.ssl.SSLSocketImpl.<init>(SSLSocketImpl.java:399)
	at sun.security.ssl.SSLSocketFactoryImpl.createSocket(SSLSocketFactoryImpl.java:88)
	at org.cloudcoder.builder2.server.WebappSocketFactory.connectToWebapp(WebappSocketFactory.java:147)
	at org.cloudcoder.builder2.server.Builder2Server.createSecureSocket(Builder2Server.java:141)
	at org.cloudcoder.builder2.server.Builder2Server.attemptToConnectToServer(Builder2Server.java:147)
	at org.cloudcoder.builder2.server.Builder2Server.runOnce(Builder2Server.java:88)
	at org.cloudcoder.builder2.server.Builder2Server.run(Builder2Server.java:77)
	at java.lang.Thread.run(Thread.java:701)
2015-05-08 20:57:30,639 NoConnectTimer ERROR - Cannot connect to CloudCoder server (last connection about 75 seconds ago)
java.net.ConnectException: Connection refused
	at java.net.PlainSocketImpl.socketConnect(Native Method)
	at java.net.AbstractPlainSocketImpl.doConnect(AbstractPlainSocketImpl.java:327)
	at java.net.AbstractPlainSocketImpl.connectToAddress(AbstractPlainSocketImpl.java:193)
	at java.net.AbstractPlainSocketImpl.connect(AbstractPlainSocketImpl.java:180)
	at java.net.SocksSocketImpl.connect(SocksSocketImpl.java:385)
	at java.net.Socket.connect(Socket.java:546)
	at sun.security.ssl.SSLSocketImpl.connect(SSLSocketImpl.java:602)
	at sun.security.ssl.SSLSocketImpl.<init>(SSLSocketImpl.java:399)
	at sun.security.ssl.SSLSocketFactoryImpl.createSocket(SSLSocketFactoryImpl.java:88)
	at org.cloudcoder.builder2.server.WebappSocketFactory.connectToWebapp(WebappSocketFactory.java:147)
	at org.cloudcoder.builder2.server.Builder2Server.createSecureSocket(Builder2Server.java:141)
	at org.cloudcoder.builder2.server.Builder2Server.attemptToConnectToServer(Builder2Server.java:147)
	at org.cloudcoder.builder2.server.Builder2Server.runOnce(Builder2Server.java:88)
	at org.cloudcoder.builder2.server.Builder2Server.run(Builder2Server.java:77)
	at java.lang.Thread.run(Thread.java:701)
2015-05-08 20:57:30,640 NoConnectTimer ERROR - Cannot connect to CloudCoder server (last connection about 75 seconds ago)
java.net.ConnectException: Connection refused
	at java.net.PlainSocketImpl.socketConnect(Native Method)
	at java.net.AbstractPlainSocketImpl.doConnect(AbstractPlainSocketImpl.java:327)
	at java.net.AbstractPlainSocketImpl.connectToAddress(AbstractPlainSocketImpl.java:193)
	at java.net.AbstractPlainSocketImpl.connect(AbstractPlainSocketImpl.java:180)
	at java.net.SocksSocketImpl.connect(SocksSocketImpl.java:385)
	at java.net.Socket.connect(Socket.java:546)
	at sun.security.ssl.SSLSocketImpl.connect(SSLSocketImpl.java:602)
	at sun.security.ssl.SSLSocketImpl.<init>(SSLSocketImpl.java:399)
	at sun.security.ssl.SSLSocketFactoryImpl.createSocket(SSLSocketFactoryImpl.java:88)
	at org.cloudcoder.builder2.server.WebappSocketFactory.connectToWebapp(WebappSocketFactory.java:147)
	at org.cloudcoder.builder2.server.Builder2Server.createSecureSocket(Builder2Server.java:141)
	at org.cloudcoder.builder2.server.Builder2Server.attemptToConnectToServer(Builder2Server.java:147)
	at org.cloudcoder.builder2.server.Builder2Server.runOnce(Builder2Server.java:88)
	at org.cloudcoder.builder2.server.Builder2Server.run(Builder2Server.java:77)
	at java.lang.Thread.run(Thread.java:701)
